<?xml version="1.0" encoding="UTF-8"?>
<testsuite name="ch.uzh.ifi.seal.soprafs17.service.ExampleServiceTest" tests="1" skipped="0" failures="0" errors="0" timestamp="2017-02-24T10:56:25" hostname="jennifers-mbp-1.home" time="0.003">
  <properties/>
  <testcase name="testDoLogic" classname="ch.uzh.ifi.seal.soprafs17.service.ExampleServiceTest" time="0.003"/>
  <system-out><![CDATA[2017-02-24 11:56:25.052  INFO 9995 --- [    Test worker] o.s.t.c.support.AbstractContextLoader    : Could not detect default resource locations for test class [ch.uzh.ifi.seal.soprafs17.service.ExampleServiceTest]: no resource found for suffixes {-context.xml, Context.groovy}.
2017-02-24 11:56:25.056  INFO 9995 --- [    Test worker] o.s.t.c.web.WebTestContextBootstrapper   : Using TestExecutionListeners: [org.springframework.boot.test.IntegrationTestPropertiesListener@29c193e2, org.springframework.test.context.support.DependencyInjectionTestExecutionListener@4ee16da4, org.springframework.test.context.support.DirtiesContextTestExecutionListener@2db51522, org.springframework.test.context.transaction.TransactionalTestExecutionListener@720e2024, org.springframework.test.context.jdbc.SqlScriptsTestExecutionListener@5775f304]
]]></system-out>
  <system-err><![CDATA[]]></system-err>
</testsuite>
