<?xml version="1.0" encoding="UTF-8"?>
<testsuite name="ch.uzh.ifi.seal.soprafs17.service.ExampleServiceTest" tests="1" skipped="0" failures="0" errors="0" timestamp="2017-02-24T15:41:14" hostname="dhcp-wlan-public-89-206-99-74.uzh.ch" time="0.004">
  <properties/>
  <testcase name="testDoLogic" classname="ch.uzh.ifi.seal.soprafs17.service.ExampleServiceTest" time="0.004"/>
  <system-out><![CDATA[2017-02-24 16:41:14.503  INFO 11972 --- [    Test worker] o.s.t.c.support.AbstractContextLoader    : Could not detect default resource locations for test class [ch.uzh.ifi.seal.soprafs17.service.ExampleServiceTest]: no resource found for suffixes {-context.xml, Context.groovy}.
2017-02-24 16:41:14.508  INFO 11972 --- [    Test worker] o.s.t.c.web.WebTestContextBootstrapper   : Using TestExecutionListeners: [org.springframework.boot.test.IntegrationTestPropertiesListener@19c982be, org.springframework.test.context.support.DependencyInjectionTestExecutionListener@7d2740f4, org.springframework.test.context.support.DirtiesContextTestExecutionListener@475f352e, org.springframework.test.context.transaction.TransactionalTestExecutionListener@4d4d9b59, org.springframework.test.context.jdbc.SqlScriptsTestExecutionListener@18c42c3c]
]]></system-out>
  <system-err><![CDATA[]]></system-err>
</testsuite>
