<?xml version="1.0" encoding="UTF-8"?>
<testsuite name="ch.uzh.ifi.seal.soprafs17.service.UserServiceTest" tests="2" skipped="0" failures="0" errors="0" timestamp="2017-02-24T10:56:25" hostname="jennifers-mbp-1.home" time="0.075">
  <properties/>
  <testcase name="createUser" classname="ch.uzh.ifi.seal.soprafs17.service.UserServiceTest" time="0.049"/>
  <testcase name="deleteUser" classname="ch.uzh.ifi.seal.soprafs17.service.UserServiceTest" time="0.024"/>
  <system-out><![CDATA[2017-02-24 11:56:25.066  INFO 9995 --- [    Test worker] o.s.t.c.support.AbstractContextLoader    : Could not detect default resource locations for test class [ch.uzh.ifi.seal.soprafs17.service.UserServiceTest]: no resource found for suffixes {-context.xml, Context.groovy}.
2017-02-24 11:56:25.072  INFO 9995 --- [    Test worker] o.s.t.c.s.DefaultTestContextBootstrapper : Loaded default TestExecutionListener class names from location [META-INF/spring.factories]: [org.springframework.boot.test.mock.mockito.MockitoTestExecutionListener, org.springframework.boot.test.mock.mockito.ResetMocksTestExecutionListener, org.springframework.boot.test.autoconfigure.AutoConfigureReportTestExecutionListener, org.springframework.boot.test.autoconfigure.restdocs.RestDocsTestExecutionListener, org.springframework.boot.test.autoconfigure.web.client.MockRestServiceServerResetTestExecutionListener, org.springframework.test.context.web.ServletTestExecutionListener, org.springframework.test.context.support.DirtiesContextBeforeModesTestExecutionListener, org.springframework.test.context.support.DependencyInjectionTestExecutionListener, org.springframework.test.context.support.DirtiesContextTestExecutionListener, org.springframework.test.context.transaction.TransactionalTestExecutionListener, org.springframework.test.context.jdbc.SqlScriptsTestExecutionListener]
2017-02-24 11:56:25.075  INFO 9995 --- [    Test worker] o.s.t.c.s.DefaultTestContextBootstrapper : Using TestExecutionListeners: [org.springframework.test.context.web.ServletTestExecutionListener@10a3c5a9, org.springframework.test.context.support.DirtiesContextBeforeModesTestExecutionListener@153efa46, org.springframework.boot.test.autoconfigure.AutoConfigureReportTestExecutionListener@50fcd462, org.springframework.test.context.support.DependencyInjectionTestExecutionListener@1409f361, org.springframework.test.context.support.DirtiesContextTestExecutionListener@1a09f2c4, org.springframework.test.context.transaction.TransactionalTestExecutionListener@7887c709, org.springframework.test.context.jdbc.SqlScriptsTestExecutionListener@4eee43bf, org.springframework.boot.test.mock.mockito.MockitoTestExecutionListener@152733f8, org.springframework.boot.test.mock.mockito.ResetMocksTestExecutionListener@406d6c4a, org.springframework.boot.test.autoconfigure.web.client.MockRestServiceServerResetTestExecutionListener@61454c1, org.springframework.boot.test.autoconfigure.restdocs.RestDocsTestExecutionListener@3a5b0c07]

  .   ____          _            __ _ _
 /\\ / ___'_ __ _ _(_)_ __  __ _ \ \ \ \
( ( )\___ | '_ | '_| | '_ \/ _` | \ \ \ \
 \\/  ___)| |_)| | | | | || (_| |  ) ) ) )
  '  |____| .__|_| |_|_| |_\__, | / / / /
 =========|_|==============|___/=/_/_/_/
 :: Spring Boot ::        (v1.4.0.RELEASE)

2017-02-24 11:56:25.130  INFO 9995 --- [    Test worker] c.u.i.s.s.service.UserServiceTest        : Starting UserServiceTest on jennifers-mbp-1.home with PID 9995 (started by jen in /Users/jen/Documents/Projects/sopra/sopra-fs17-template-server)
2017-02-24 11:56:25.131  INFO 9995 --- [    Test worker] c.u.i.s.s.service.UserServiceTest        : No active profile set, falling back to default profiles: default
2017-02-24 11:56:25.133  INFO 9995 --- [    Test worker] s.c.a.AnnotationConfigApplicationContext : Refreshing org.springframework.context.annotation.AnnotationConfigApplicationContext@260a79d9: startup date [Fri Feb 24 11:56:25 CET 2017]; root of context hierarchy
2017-02-24 11:56:25.541  INFO 9995 --- [    Test worker] j.LocalContainerEntityManagerFactoryBean : Building JPA container EntityManagerFactory for persistence unit 'default'
2017-02-24 11:56:25.541  INFO 9995 --- [    Test worker] o.hibernate.jpa.internal.util.LogHelper  : HHH000204: Processing PersistenceUnitInfo [
	name: default
	...]
2017-02-24 11:56:25.547  INFO 9995 --- [    Test worker] org.hibernate.dialect.Dialect            : HHH000400: Using dialect: org.hibernate.dialect.H2Dialect
2017-02-24 11:56:25.583  INFO 9995 --- [    Test worker] org.hibernate.tool.hbm2ddl.SchemaExport  : HHH000227: Running hbm2ddl schema export
2017-02-24 11:56:25.603  INFO 9995 --- [    Test worker] org.hibernate.tool.hbm2ddl.SchemaExport  : HHH000230: Schema export complete
2017-02-24 11:56:25.605  WARN 9995 --- [    Test worker] o.h.j.i.EntityManagerFactoryRegistry     : HHH000436: Entity manager factory name (default) is already registered.  If entity manager will be clustered or passivated, specify a unique value for property 'hibernate.ejb.entitymanager_factory_name'
2017-02-24 11:56:25.606  INFO 9995 --- [    Test worker] j.LocalContainerEntityManagerFactoryBean : Initialized JPA EntityManagerFactory for persistence unit 'default'
2017-02-24 11:56:25.833  INFO 9995 --- [    Test worker] c.u.i.s.s.service.UserServiceTest        : Started UserServiceTest in 0.753 seconds (JVM running for 8.154)
2017-02-24 11:56:25.846  INFO 9995 --- [    Test worker] o.s.t.c.transaction.TransactionContext   : Began transaction (1) for test context [DefaultTestContext@18fc8cb1 testClass = UserServiceTest, testInstance = ch.uzh.ifi.seal.soprafs17.service.UserServiceTest@759ad491, testMethod = createUser@UserServiceTest, testException = [null], mergedContextConfiguration = [MergedContextConfiguration@1b83e792 testClass = UserServiceTest, locations = '{}', classes = '{class ch.uzh.ifi.seal.soprafs17.Application}', contextInitializerClasses = '[]', activeProfiles = '{}', propertySourceLocations = '{}', propertySourceProperties = '{}', contextCustomizers = set[org.springframework.boot.test.context.filter.ExcludeFilterContextCustomizer@3b678629, org.springframework.boot.test.mock.mockito.MockitoContextCustomizer@0, org.springframework.boot.test.autoconfigure.properties.PropertyMappingContextCustomizer@0], contextLoader = 'org.springframework.boot.test.SpringApplicationContextLoader', parent = [null]]]; transaction manager [org.springframework.orm.jpa.JpaTransactionManager@395f968d]; rollback [true]
2017-02-24 11:56:25.858  INFO 9995 --- [    Test worker] o.h.h.i.QueryTranslatorFactoryInitiator  : HHH000397: Using ASTQueryTranslatorFactory
2017-02-24 11:56:25.891  INFO 9995 --- [    Test worker] o.s.t.c.transaction.TransactionContext   : Rolled back transaction for test context [DefaultTestContext@18fc8cb1 testClass = UserServiceTest, testInstance = ch.uzh.ifi.seal.soprafs17.service.UserServiceTest@759ad491, testMethod = createUser@UserServiceTest, testException = [null], mergedContextConfiguration = [MergedContextConfiguration@1b83e792 testClass = UserServiceTest, locations = '{}', classes = '{class ch.uzh.ifi.seal.soprafs17.Application}', contextInitializerClasses = '[]', activeProfiles = '{}', propertySourceLocations = '{}', propertySourceProperties = '{}', contextCustomizers = set[org.springframework.boot.test.context.filter.ExcludeFilterContextCustomizer@3b678629, org.springframework.boot.test.mock.mockito.MockitoContextCustomizer@0, org.springframework.boot.test.autoconfigure.properties.PropertyMappingContextCustomizer@0], contextLoader = 'org.springframework.boot.test.SpringApplicationContextLoader', parent = [null]]].
2017-02-24 11:56:25.894  INFO 9995 --- [    Test worker] o.s.t.c.transaction.TransactionContext   : Began transaction (1) for test context [DefaultTestContext@18fc8cb1 testClass = UserServiceTest, testInstance = ch.uzh.ifi.seal.soprafs17.service.UserServiceTest@3556e5b5, testMethod = deleteUser@UserServiceTest, testException = [null], mergedContextConfiguration = [MergedContextConfiguration@1b83e792 testClass = UserServiceTest, locations = '{}', classes = '{class ch.uzh.ifi.seal.soprafs17.Application}', contextInitializerClasses = '[]', activeProfiles = '{}', propertySourceLocations = '{}', propertySourceProperties = '{}', contextCustomizers = set[org.springframework.boot.test.context.filter.ExcludeFilterContextCustomizer@3b678629, org.springframework.boot.test.mock.mockito.MockitoContextCustomizer@0, org.springframework.boot.test.autoconfigure.properties.PropertyMappingContextCustomizer@0], contextLoader = 'org.springframework.boot.test.SpringApplicationContextLoader', parent = [null]]]; transaction manager [org.springframework.orm.jpa.JpaTransactionManager@395f968d]; rollback [true]
2017-02-24 11:56:25.917  INFO 9995 --- [    Test worker] o.s.t.c.transaction.TransactionContext   : Rolled back transaction for test context [DefaultTestContext@18fc8cb1 testClass = UserServiceTest, testInstance = ch.uzh.ifi.seal.soprafs17.service.UserServiceTest@3556e5b5, testMethod = deleteUser@UserServiceTest, testException = [null], mergedContextConfiguration = [MergedContextConfiguration@1b83e792 testClass = UserServiceTest, locations = '{}', classes = '{class ch.uzh.ifi.seal.soprafs17.Application}', contextInitializerClasses = '[]', activeProfiles = '{}', propertySourceLocations = '{}', propertySourceProperties = '{}', contextCustomizers = set[org.springframework.boot.test.context.filter.ExcludeFilterContextCustomizer@3b678629, org.springframework.boot.test.mock.mockito.MockitoContextCustomizer@0, org.springframework.boot.test.autoconfigure.properties.PropertyMappingContextCustomizer@0], contextLoader = 'org.springframework.boot.test.SpringApplicationContextLoader', parent = [null]]].
]]></system-out>
  <system-err><![CDATA[]]></system-err>
</testsuite>
