<?xml version="1.0" encoding="UTF-8"?>
<testsuite name="ch.uzh.ifi.seal.soprafs17.controller.UserServiceControllerIT" tests="1" skipped="0" failures="0" errors="0" timestamp="2017-02-24T10:56:24" hostname="jennifers-mbp-1.home" time="0.516">
  <properties/>
  <testcase name="testCreateUserSuccess" classname="ch.uzh.ifi.seal.soprafs17.controller.UserServiceControllerIT" time="0.516"/>
  <system-out><![CDATA[11:56:18.359 [Test worker] DEBUG org.springframework.test.context.junit4.SpringJUnit4ClassRunner - SpringJUnit4ClassRunner constructor called with [class ch.uzh.ifi.seal.soprafs17.controller.UserServiceControllerIT]
11:56:18.363 [Test worker] DEBUG org.springframework.test.context.BootstrapUtils - Instantiating CacheAwareContextLoaderDelegate from class [org.springframework.test.context.cache.DefaultCacheAwareContextLoaderDelegate]
11:56:18.368 [Test worker] DEBUG org.springframework.test.context.BootstrapUtils - Instantiating BootstrapContext using constructor [public org.springframework.test.context.support.DefaultBootstrapContext(java.lang.Class,org.springframework.test.context.CacheAwareContextLoaderDelegate)]
11:56:18.378 [Test worker] DEBUG org.springframework.test.context.BootstrapUtils - Instantiating TestContextBootstrapper for test class [ch.uzh.ifi.seal.soprafs17.controller.UserServiceControllerIT] from class [org.springframework.test.context.web.WebTestContextBootstrapper]
11:56:18.395 [Test worker] DEBUG org.springframework.test.context.web.WebTestContextBootstrapper - Found explicit ContextLoader class [org.springframework.boot.test.SpringApplicationContextLoader] for context configuration attributes [ContextConfigurationAttributes@3147f2f2 declaringClass = 'ch.uzh.ifi.seal.soprafs17.controller.UserServiceControllerIT', classes = '{class ch.uzh.ifi.seal.soprafs17.Application}', locations = '{}', inheritLocations = true, initializers = '{}', inheritInitializers = true, name = [null], contextLoaderClass = 'org.springframework.boot.test.SpringApplicationContextLoader']
11:56:18.404 [Test worker] DEBUG org.springframework.test.context.support.AbstractContextLoader - Did not detect default resource location for test class [ch.uzh.ifi.seal.soprafs17.controller.UserServiceControllerIT]: class path resource [ch/uzh/ifi/seal/soprafs17/controller/UserServiceControllerIT-context.xml] does not exist
11:56:18.404 [Test worker] DEBUG org.springframework.test.context.support.AbstractContextLoader - Did not detect default resource location for test class [ch.uzh.ifi.seal.soprafs17.controller.UserServiceControllerIT]: class path resource [ch/uzh/ifi/seal/soprafs17/controller/UserServiceControllerITContext.groovy] does not exist
11:56:18.405 [Test worker] INFO org.springframework.test.context.support.AbstractContextLoader - Could not detect default resource locations for test class [ch.uzh.ifi.seal.soprafs17.controller.UserServiceControllerIT]: no resource found for suffixes {-context.xml, Context.groovy}.
11:56:18.446 [Test worker] DEBUG org.springframework.test.context.support.ActiveProfilesUtils - Could not find an 'annotation declaring class' for annotation type [org.springframework.test.context.ActiveProfiles] and class [ch.uzh.ifi.seal.soprafs17.controller.UserServiceControllerIT]
11:56:18.459 [Test worker] INFO org.springframework.test.context.web.WebTestContextBootstrapper - Using TestExecutionListeners: [org.springframework.boot.test.IntegrationTestPropertiesListener@1f755bb, org.springframework.test.context.support.DependencyInjectionTestExecutionListener@1856f9a4, org.springframework.test.context.support.DirtiesContextTestExecutionListener@43731656, org.springframework.test.context.transaction.TransactionalTestExecutionListener@e72c1d7, org.springframework.test.context.jdbc.SqlScriptsTestExecutionListener@3593172f]
11:56:18.463 [Test worker] DEBUG org.springframework.test.annotation.ProfileValueUtils - Retrieved @ProfileValueSourceConfiguration [null] for test class [ch.uzh.ifi.seal.soprafs17.controller.UserServiceControllerIT]
11:56:18.463 [Test worker] DEBUG org.springframework.test.annotation.ProfileValueUtils - Retrieved ProfileValueSource type [class org.springframework.test.annotation.SystemProfileValueSource] for class [ch.uzh.ifi.seal.soprafs17.controller.UserServiceControllerIT]
11:56:18.464 [Test worker] DEBUG org.springframework.test.annotation.ProfileValueUtils - Retrieved @ProfileValueSourceConfiguration [null] for test class [ch.uzh.ifi.seal.soprafs17.controller.UserServiceControllerIT]
11:56:18.464 [Test worker] DEBUG org.springframework.test.annotation.ProfileValueUtils - Retrieved ProfileValueSource type [class org.springframework.test.annotation.SystemProfileValueSource] for class [ch.uzh.ifi.seal.soprafs17.controller.UserServiceControllerIT]
11:56:18.467 [Test worker] DEBUG org.springframework.test.annotation.ProfileValueUtils - Retrieved @ProfileValueSourceConfiguration [null] for test class [ch.uzh.ifi.seal.soprafs17.controller.UserServiceControllerIT]
11:56:18.467 [Test worker] DEBUG org.springframework.test.annotation.ProfileValueUtils - Retrieved ProfileValueSource type [class org.springframework.test.annotation.SystemProfileValueSource] for class [ch.uzh.ifi.seal.soprafs17.controller.UserServiceControllerIT]
11:56:18.471 [Test worker] DEBUG org.springframework.test.util.ReflectionTestUtils - Getting field 'mergedContextConfiguration' from target object [[DefaultTestContext@1ce325d0 testClass = UserServiceControllerIT, testInstance = ch.uzh.ifi.seal.soprafs17.controller.UserServiceControllerIT@9d22866, testMethod = [null], testException = [null], mergedContextConfiguration = [WebMergedContextConfiguration@380c867d testClass = UserServiceControllerIT, locations = '{}', classes = '{class ch.uzh.ifi.seal.soprafs17.Application}', contextInitializerClasses = '[]', activeProfiles = '{}', propertySourceLocations = '{}', propertySourceProperties = '{}', contextCustomizers = set[org.springframework.boot.test.context.filter.ExcludeFilterContextCustomizer@3b678629, org.springframework.boot.test.mock.mockito.MockitoContextCustomizer@0, org.springframework.boot.test.autoconfigure.properties.PropertyMappingContextCustomizer@0, org.springframework.test.context.web.socket.MockServerContainerContextCustomizer@7ca95881], resourceBasePath = 'src/main/webapp', contextLoader = 'org.springframework.boot.test.SpringApplicationContextLoader', parent = [null]]]] or target class [class org.springframework.test.context.support.DefaultTestContext]
11:56:18.473 [Test worker] DEBUG org.springframework.test.util.ReflectionTestUtils - Setting field 'propertySourceProperties' of type [null] on target object [[WebMergedContextConfiguration@380c867d testClass = UserServiceControllerIT, locations = '{}', classes = '{class ch.uzh.ifi.seal.soprafs17.Application}', contextInitializerClasses = '[]', activeProfiles = '{}', propertySourceLocations = '{}', propertySourceProperties = '{}', contextCustomizers = set[org.springframework.boot.test.context.filter.ExcludeFilterContextCustomizer@3b678629, org.springframework.boot.test.mock.mockito.MockitoContextCustomizer@0, org.springframework.boot.test.autoconfigure.properties.PropertyMappingContextCustomizer@0, org.springframework.test.context.web.socket.MockServerContainerContextCustomizer@7ca95881], resourceBasePath = 'src/main/webapp', contextLoader = 'org.springframework.boot.test.SpringApplicationContextLoader', parent = [null]]] or target class [class org.springframework.test.context.web.WebMergedContextConfiguration] to value [[Ljava.lang.String;@33ca046e]
11:56:18.474 [Test worker] DEBUG org.springframework.test.context.support.DependencyInjectionTestExecutionListener - Performing dependency injection for test context [[DefaultTestContext@1ce325d0 testClass = UserServiceControllerIT, testInstance = ch.uzh.ifi.seal.soprafs17.controller.UserServiceControllerIT@9d22866, testMethod = [null], testException = [null], mergedContextConfiguration = [WebMergedContextConfiguration@380c867d testClass = UserServiceControllerIT, locations = '{}', classes = '{class ch.uzh.ifi.seal.soprafs17.Application}', contextInitializerClasses = '[]', activeProfiles = '{}', propertySourceLocations = '{}', propertySourceProperties = '{server.port=0, org.springframework.boot.test.WebIntegrationTest=true}', contextCustomizers = set[org.springframework.boot.test.context.filter.ExcludeFilterContextCustomizer@3b678629, org.springframework.boot.test.mock.mockito.MockitoContextCustomizer@0, org.springframework.boot.test.autoconfigure.properties.PropertyMappingContextCustomizer@0, org.springframework.test.context.web.socket.MockServerContainerContextCustomizer@7ca95881], resourceBasePath = 'src/main/webapp', contextLoader = 'org.springframework.boot.test.SpringApplicationContextLoader', parent = [null]]]].
11:56:18.542 [Test worker] DEBUG org.springframework.core.env.StandardEnvironment - Adding [systemProperties] PropertySource with lowest search precedence
11:56:18.542 [Test worker] DEBUG org.springframework.core.env.StandardEnvironment - Adding [systemEnvironment] PropertySource with lowest search precedence
11:56:18.543 [Test worker] DEBUG org.springframework.core.env.StandardEnvironment - Initialized StandardEnvironment with PropertySources [systemProperties,systemEnvironment]
11:56:18.544 [Test worker] DEBUG org.springframework.core.env.StandardEnvironment - Adding [integrationTest] PropertySource with search precedence immediately lower than [systemEnvironment]

  .   ____          _            __ _ _
 /\\ / ___'_ __ _ _(_)_ __  __ _ \ \ \ \
( ( )\___ | '_ | '_| | '_ \/ _` | \ \ \ \
 \\/  ___)| |_)| | | | | || (_| |  ) ) ) )
  '  |____| .__|_| |_|_| |_\__, | / / / /
 =========|_|==============|___/=/_/_/_/
 :: Spring Boot ::        (v1.4.0.RELEASE)

2017-02-24 11:56:18.998  INFO 9995 --- [    Test worker] c.u.i.s.s.c.UserServiceControllerIT      : Starting UserServiceControllerIT on jennifers-mbp-1.home with PID 9995 (started by jen in /Users/jen/Documents/Projects/sopra/sopra-fs17-template-server)
2017-02-24 11:56:18.999  INFO 9995 --- [    Test worker] c.u.i.s.s.c.UserServiceControllerIT      : No active profile set, falling back to default profiles: default
2017-02-24 11:56:19.033  INFO 9995 --- [    Test worker] ationConfigEmbeddedWebApplicationContext : Refreshing org.springframework.boot.context.embedded.AnnotationConfigEmbeddedWebApplicationContext@dd61c5b: startup date [Fri Feb 24 11:56:19 CET 2017]; root of context hierarchy
2017-02-24 11:56:20.405  INFO 9995 --- [    Test worker] trationDelegate$BeanPostProcessorChecker : Bean 'org.springframework.transaction.annotation.ProxyTransactionManagementConfiguration' of type [class org.springframework.transaction.annotation.ProxyTransactionManagementConfiguration$$EnhancerBySpringCGLIB$$3b44f23c] is not eligible for getting processed by all BeanPostProcessors (for example: not eligible for auto-proxying)
2017-02-24 11:56:21.055  INFO 9995 --- [    Test worker] s.b.c.e.t.TomcatEmbeddedServletContainer : Tomcat initialized with port(s): 0 (http)
2017-02-24 11:56:21.072  INFO 9995 --- [    Test worker] o.apache.catalina.core.StandardService   : Starting service Tomcat
2017-02-24 11:56:21.074  INFO 9995 --- [    Test worker] org.apache.catalina.core.StandardEngine  : Starting Servlet Engine: Apache Tomcat/8.5.4
2017-02-24 11:56:21.179  INFO 9995 --- [ost-startStop-1] o.a.c.c.C.[Tomcat].[localhost].[/]       : Initializing Spring embedded WebApplicationContext
2017-02-24 11:56:21.180  INFO 9995 --- [ost-startStop-1] o.s.web.context.ContextLoader            : Root WebApplicationContext: initialization completed in 2151 ms
2017-02-24 11:56:21.472  INFO 9995 --- [ost-startStop-1] o.s.b.w.servlet.ServletRegistrationBean  : Mapping servlet: 'dispatcherServlet' to [/]
2017-02-24 11:56:21.477  INFO 9995 --- [ost-startStop-1] o.s.b.w.servlet.FilterRegistrationBean   : Mapping filter: 'characterEncodingFilter' to: [/*]
2017-02-24 11:56:21.478  INFO 9995 --- [ost-startStop-1] o.s.b.w.servlet.FilterRegistrationBean   : Mapping filter: 'hiddenHttpMethodFilter' to: [/*]
2017-02-24 11:56:21.478  INFO 9995 --- [ost-startStop-1] o.s.b.w.servlet.FilterRegistrationBean   : Mapping filter: 'httpPutFormContentFilter' to: [/*]
2017-02-24 11:56:21.478  INFO 9995 --- [ost-startStop-1] o.s.b.w.servlet.FilterRegistrationBean   : Mapping filter: 'requestContextFilter' to: [/*]
2017-02-24 11:56:22.020  INFO 9995 --- [    Test worker] j.LocalContainerEntityManagerFactoryBean : Building JPA container EntityManagerFactory for persistence unit 'default'
2017-02-24 11:56:22.050  INFO 9995 --- [    Test worker] o.hibernate.jpa.internal.util.LogHelper  : HHH000204: Processing PersistenceUnitInfo [
	name: default
	...]
2017-02-24 11:56:22.259  INFO 9995 --- [    Test worker] org.hibernate.Version                    : HHH000412: Hibernate Core {5.0.9.Final}
2017-02-24 11:56:22.262  INFO 9995 --- [    Test worker] org.hibernate.cfg.Environment            : HHH000206: hibernate.properties not found
2017-02-24 11:56:22.265  INFO 9995 --- [    Test worker] org.hibernate.cfg.Environment            : HHH000021: Bytecode provider name : javassist
2017-02-24 11:56:22.328  INFO 9995 --- [    Test worker] o.hibernate.annotations.common.Version   : HCANN000001: Hibernate Commons Annotations {5.0.1.Final}
2017-02-24 11:56:22.488  INFO 9995 --- [    Test worker] org.hibernate.dialect.Dialect            : HHH000400: Using dialect: org.hibernate.dialect.H2Dialect
2017-02-24 11:56:23.173  INFO 9995 --- [    Test worker] org.hibernate.tool.hbm2ddl.SchemaExport  : HHH000227: Running hbm2ddl schema export
2017-02-24 11:56:23.218  INFO 9995 --- [    Test worker] org.hibernate.tool.hbm2ddl.SchemaExport  : HHH000230: Schema export complete
2017-02-24 11:56:23.265  INFO 9995 --- [    Test worker] j.LocalContainerEntityManagerFactoryBean : Initialized JPA EntityManagerFactory for persistence unit 'default'
2017-02-24 11:56:24.102  INFO 9995 --- [    Test worker] s.w.s.m.m.a.RequestMappingHandlerAdapter : Looking for @ControllerAdvice: org.springframework.boot.context.embedded.AnnotationConfigEmbeddedWebApplicationContext@dd61c5b: startup date [Fri Feb 24 11:56:19 CET 2017]; root of context hierarchy
2017-02-24 11:56:24.162  INFO 9995 --- [    Test worker] s.w.s.m.m.a.RequestMappingHandlerMapping : Mapped "{[/game]}" onto public java.util.List<ch.uzh.ifi.seal.soprafs17.model.Game> ch.uzh.ifi.seal.soprafs17.controller.GameServiceController.listGames()
2017-02-24 11:56:24.163  INFO 9995 --- [    Test worker] s.w.s.m.m.a.RequestMappingHandlerMapping : Mapped "{[/game],methods=[POST]}" onto public java.lang.String ch.uzh.ifi.seal.soprafs17.controller.GameServiceController.addGame(ch.uzh.ifi.seal.soprafs17.model.Game,java.lang.String)
2017-02-24 11:56:24.163  INFO 9995 --- [    Test worker] s.w.s.m.m.a.RequestMappingHandlerMapping : Mapped "{[/game/{gameId}]}" onto public ch.uzh.ifi.seal.soprafs17.model.Game ch.uzh.ifi.seal.soprafs17.controller.GameServiceController.getGame(java.lang.Long)
2017-02-24 11:56:24.164  INFO 9995 --- [    Test worker] s.w.s.m.m.a.RequestMappingHandlerMapping : Mapped "{[/game/{gameId}/start],methods=[POST]}" onto public void ch.uzh.ifi.seal.soprafs17.controller.GameServiceController.startGame(java.lang.Long,java.lang.String)
2017-02-24 11:56:24.164  INFO 9995 --- [    Test worker] s.w.s.m.m.a.RequestMappingHandlerMapping : Mapped "{[/game/{gameId}/stop],methods=[POST]}" onto public void ch.uzh.ifi.seal.soprafs17.controller.GameServiceController.stopGame(java.lang.Long,java.lang.String)
2017-02-24 11:56:24.164  INFO 9995 --- [    Test worker] s.w.s.m.m.a.RequestMappingHandlerMapping : Mapped "{[/game/{gameId}/move]}" onto public java.util.List<ch.uzh.ifi.seal.soprafs17.model.Move> ch.uzh.ifi.seal.soprafs17.controller.GameServiceController.listMoves(java.lang.Long)
2017-02-24 11:56:24.164  INFO 9995 --- [    Test worker] s.w.s.m.m.a.RequestMappingHandlerMapping : Mapped "{[/game/{gameId}/move],methods=[POST]}" onto public void ch.uzh.ifi.seal.soprafs17.controller.GameServiceController.addMove(ch.uzh.ifi.seal.soprafs17.model.Move)
2017-02-24 11:56:24.165  INFO 9995 --- [    Test worker] s.w.s.m.m.a.RequestMappingHandlerMapping : Mapped "{[/game/{gameId}/move/{moveId}]}" onto public ch.uzh.ifi.seal.soprafs17.model.Move ch.uzh.ifi.seal.soprafs17.controller.GameServiceController.getMove(java.lang.Long,java.lang.Integer)
2017-02-24 11:56:24.165  INFO 9995 --- [    Test worker] s.w.s.m.m.a.RequestMappingHandlerMapping : Mapped "{[/game/{gameId}/player]}" onto public java.util.List<ch.uzh.ifi.seal.soprafs17.model.User> ch.uzh.ifi.seal.soprafs17.controller.GameServiceController.listPlayers(java.lang.Long)
2017-02-24 11:56:24.165  INFO 9995 --- [    Test worker] s.w.s.m.m.a.RequestMappingHandlerMapping : Mapped "{[/game/{gameId}/player],methods=[POST]}" onto public java.lang.String ch.uzh.ifi.seal.soprafs17.controller.GameServiceController.addPlayer(java.lang.Long,java.lang.String)
2017-02-24 11:56:24.165  INFO 9995 --- [    Test worker] s.w.s.m.m.a.RequestMappingHandlerMapping : Mapped "{[/game/{gameId}/player/{playerId}]}" onto public ch.uzh.ifi.seal.soprafs17.model.User ch.uzh.ifi.seal.soprafs17.controller.GameServiceController.getPlayer(java.lang.Long,java.lang.Integer)
2017-02-24 11:56:24.166  INFO 9995 --- [    Test worker] s.w.s.m.m.a.RequestMappingHandlerMapping : Mapped "{[/]}" onto public java.lang.String ch.uzh.ifi.seal.soprafs17.controller.IndexController.index()
2017-02-24 11:56:24.169  INFO 9995 --- [    Test worker] s.w.s.m.m.a.RequestMappingHandlerMapping : Mapped "{[/user/{userId}],methods=[GET]}" onto public ch.uzh.ifi.seal.soprafs17.model.User ch.uzh.ifi.seal.soprafs17.controller.UserServiceController.getUser(java.lang.Long)
2017-02-24 11:56:24.169  INFO 9995 --- [    Test worker] s.w.s.m.m.a.RequestMappingHandlerMapping : Mapped "{[/user],methods=[GET]}" onto public java.util.List<ch.uzh.ifi.seal.soprafs17.model.User> ch.uzh.ifi.seal.soprafs17.controller.UserServiceController.listUsers()
2017-02-24 11:56:24.170  INFO 9995 --- [    Test worker] s.w.s.m.m.a.RequestMappingHandlerMapping : Mapped "{[/user/{userId}/login],methods=[POST]}" onto public ch.uzh.ifi.seal.soprafs17.model.User ch.uzh.ifi.seal.soprafs17.controller.UserServiceController.login(java.lang.Long)
2017-02-24 11:56:24.170  INFO 9995 --- [    Test worker] s.w.s.m.m.a.RequestMappingHandlerMapping : Mapped "{[/user/{userId}/logout],methods=[POST]}" onto public void ch.uzh.ifi.seal.soprafs17.controller.UserServiceController.logout(java.lang.Long,java.lang.String)
2017-02-24 11:56:24.170  INFO 9995 --- [    Test worker] s.w.s.m.m.a.RequestMappingHandlerMapping : Mapped "{[/user],methods=[POST]}" onto public ch.uzh.ifi.seal.soprafs17.model.User ch.uzh.ifi.seal.soprafs17.controller.UserServiceController.addUser(ch.uzh.ifi.seal.soprafs17.model.User)
2017-02-24 11:56:24.172  INFO 9995 --- [    Test worker] s.w.s.m.m.a.RequestMappingHandlerMapping : Mapped "{[/error]}" onto public org.springframework.http.ResponseEntity<java.util.Map<java.lang.String, java.lang.Object>> org.springframework.boot.autoconfigure.web.BasicErrorController.error(javax.servlet.http.HttpServletRequest)
2017-02-24 11:56:24.173  INFO 9995 --- [    Test worker] s.w.s.m.m.a.RequestMappingHandlerMapping : Mapped "{[/error],produces=[text/html]}" onto public org.springframework.web.servlet.ModelAndView org.springframework.boot.autoconfigure.web.BasicErrorController.errorHtml(javax.servlet.http.HttpServletRequest,javax.servlet.http.HttpServletResponse)
2017-02-24 11:56:24.199  INFO 9995 --- [    Test worker] o.s.w.s.handler.SimpleUrlHandlerMapping  : Mapped URL path [/webjars/**] onto handler of type [class org.springframework.web.servlet.resource.ResourceHttpRequestHandler]
2017-02-24 11:56:24.199  INFO 9995 --- [    Test worker] o.s.w.s.handler.SimpleUrlHandlerMapping  : Mapped URL path [/**] onto handler of type [class org.springframework.web.servlet.resource.ResourceHttpRequestHandler]
2017-02-24 11:56:24.236  INFO 9995 --- [    Test worker] o.s.w.s.handler.SimpleUrlHandlerMapping  : Mapped URL path [/**/favicon.ico] onto handler of type [class org.springframework.web.servlet.resource.ResourceHttpRequestHandler]
2017-02-24 11:56:24.524  INFO 9995 --- [    Test worker] s.b.c.e.t.TomcatEmbeddedServletContainer : Tomcat started on port(s): 63930 (http)
2017-02-24 11:56:24.530  INFO 9995 --- [    Test worker] c.u.i.s.s.c.UserServiceControllerIT      : Started UserServiceControllerIT in 5.979 seconds (JVM running for 6.85)
2017-02-24 11:56:24.649  INFO 9995 --- [o-auto-1-exec-1] o.a.c.c.C.[Tomcat].[localhost].[/]       : Initializing Spring FrameworkServlet 'dispatcherServlet'
2017-02-24 11:56:24.649  INFO 9995 --- [o-auto-1-exec-1] o.s.web.servlet.DispatcherServlet        : FrameworkServlet 'dispatcherServlet': initialization started
2017-02-24 11:56:24.668  INFO 9995 --- [o-auto-1-exec-1] o.s.web.servlet.DispatcherServlet        : FrameworkServlet 'dispatcherServlet': initialization completed in 19 ms
2017-02-24 11:56:24.724  INFO 9995 --- [o-auto-1-exec-1] o.h.h.i.QueryTranslatorFactoryInitiator  : HHH000397: Using ASTQueryTranslatorFactory
]]></system-out>
  <system-err><![CDATA[]]></system-err>
</testsuite>
