<?xml version="1.0" encoding="UTF-8"?>
<testsuite name="ch.uzh.ifi.seal.soprafs17.service.UserServiceTest" tests="2" skipped="0" failures="0" errors="0" timestamp="2017-02-24T15:41:15" hostname="dhcp-wlan-public-89-206-99-74.uzh.ch" time="0.066">
  <properties/>
  <testcase name="createUser" classname="ch.uzh.ifi.seal.soprafs17.service.UserServiceTest" time="0.04"/>
  <testcase name="deleteUser" classname="ch.uzh.ifi.seal.soprafs17.service.UserServiceTest" time="0.025"/>
  <system-out><![CDATA[2017-02-24 16:41:14.519  INFO 11972 --- [    Test worker] o.s.t.c.support.AbstractContextLoader    : Could not detect default resource locations for test class [ch.uzh.ifi.seal.soprafs17.service.UserServiceTest]: no resource found for suffixes {-context.xml, Context.groovy}.
2017-02-24 16:41:14.528  INFO 11972 --- [    Test worker] o.s.t.c.s.DefaultTestContextBootstrapper : Loaded default TestExecutionListener class names from location [META-INF/spring.factories]: [org.springframework.boot.test.mock.mockito.MockitoTestExecutionListener, org.springframework.boot.test.mock.mockito.ResetMocksTestExecutionListener, org.springframework.boot.test.autoconfigure.AutoConfigureReportTestExecutionListener, org.springframework.boot.test.autoconfigure.restdocs.RestDocsTestExecutionListener, org.springframework.boot.test.autoconfigure.web.client.MockRestServiceServerResetTestExecutionListener, org.springframework.test.context.web.ServletTestExecutionListener, org.springframework.test.context.support.DirtiesContextBeforeModesTestExecutionListener, org.springframework.test.context.support.DependencyInjectionTestExecutionListener, org.springframework.test.context.support.DirtiesContextTestExecutionListener, org.springframework.test.context.transaction.TransactionalTestExecutionListener, org.springframework.test.context.jdbc.SqlScriptsTestExecutionListener]
2017-02-24 16:41:14.533  INFO 11972 --- [    Test worker] o.s.t.c.s.DefaultTestContextBootstrapper : Using TestExecutionListeners: [org.springframework.test.context.web.ServletTestExecutionListener@25ea7501, org.springframework.test.context.support.DirtiesContextBeforeModesTestExecutionListener@380680fe, org.springframework.boot.test.autoconfigure.AutoConfigureReportTestExecutionListener@48a965d6, org.springframework.test.context.support.DependencyInjectionTestExecutionListener@1a3e3768, org.springframework.test.context.support.DirtiesContextTestExecutionListener@6c8a1b53, org.springframework.test.context.transaction.TransactionalTestExecutionListener@6087674c, org.springframework.test.context.jdbc.SqlScriptsTestExecutionListener@6383395f, org.springframework.boot.test.autoconfigure.web.client.MockRestServiceServerResetTestExecutionListener@86dd730, org.springframework.boot.test.mock.mockito.MockitoTestExecutionListener@340115ed, org.springframework.boot.test.mock.mockito.ResetMocksTestExecutionListener@6fe7b926, org.springframework.boot.test.autoconfigure.restdocs.RestDocsTestExecutionListener@15542c44]

  .   ____          _            __ _ _
 /\\ / ___'_ __ _ _(_)_ __  __ _ \ \ \ \
( ( )\___ | '_ | '_| | '_ \/ _` | \ \ \ \
 \\/  ___)| |_)| | | | | || (_| |  ) ) ) )
  '  |____| .__|_| |_|_| |_\__, | / / / /
 =========|_|==============|___/=/_/_/_/
 :: Spring Boot ::        (v1.4.0.RELEASE)

2017-02-24 16:41:14.589  INFO 11972 --- [    Test worker] c.u.i.s.s.service.UserServiceTest        : Starting UserServiceTest on dhcp-wlan-public-89-206-99-74.uzh.ch with PID 11972 (started by jen in /Users/jen/Documents/Projects/sopra/spring-test)
2017-02-24 16:41:14.589  INFO 11972 --- [    Test worker] c.u.i.s.s.service.UserServiceTest        : No active profile set, falling back to default profiles: default
2017-02-24 16:41:14.591  INFO 11972 --- [    Test worker] s.c.a.AnnotationConfigApplicationContext : Refreshing org.springframework.context.annotation.AnnotationConfigApplicationContext@41b7c3c5: startup date [Fri Feb 24 16:41:14 CET 2017]; root of context hierarchy
2017-02-24 16:41:14.987  INFO 11972 --- [    Test worker] j.LocalContainerEntityManagerFactoryBean : Building JPA container EntityManagerFactory for persistence unit 'default'
2017-02-24 16:41:14.988  INFO 11972 --- [    Test worker] o.hibernate.jpa.internal.util.LogHelper  : HHH000204: Processing PersistenceUnitInfo [
	name: default
	...]
2017-02-24 16:41:14.994  INFO 11972 --- [    Test worker] org.hibernate.dialect.Dialect            : HHH000400: Using dialect: org.hibernate.dialect.H2Dialect
2017-02-24 16:41:15.032  INFO 11972 --- [    Test worker] org.hibernate.tool.hbm2ddl.SchemaExport  : HHH000227: Running hbm2ddl schema export
2017-02-24 16:41:15.050  INFO 11972 --- [    Test worker] org.hibernate.tool.hbm2ddl.SchemaExport  : HHH000230: Schema export complete
2017-02-24 16:41:15.053  WARN 11972 --- [    Test worker] o.h.j.i.EntityManagerFactoryRegistry     : HHH000436: Entity manager factory name (default) is already registered.  If entity manager will be clustered or passivated, specify a unique value for property 'hibernate.ejb.entitymanager_factory_name'
2017-02-24 16:41:15.053  INFO 11972 --- [    Test worker] j.LocalContainerEntityManagerFactoryBean : Initialized JPA EntityManagerFactory for persistence unit 'default'
2017-02-24 16:41:15.324  INFO 11972 --- [    Test worker] c.u.i.s.s.service.UserServiceTest        : Started UserServiceTest in 0.785 seconds (JVM running for 7.458)
2017-02-24 16:41:15.337  INFO 11972 --- [    Test worker] o.s.t.c.transaction.TransactionContext   : Began transaction (1) for test context [DefaultTestContext@403c6d87 testClass = UserServiceTest, testInstance = ch.uzh.ifi.seal.soprafs17.service.UserServiceTest@58074f90, testMethod = createUser@UserServiceTest, testException = [null], mergedContextConfiguration = [MergedContextConfiguration@57041de9 testClass = UserServiceTest, locations = '{}', classes = '{class ch.uzh.ifi.seal.soprafs17.Application}', contextInitializerClasses = '[]', activeProfiles = '{}', propertySourceLocations = '{}', propertySourceProperties = '{}', contextCustomizers = set[org.springframework.boot.test.context.filter.ExcludeFilterContextCustomizer@73ff906, org.springframework.boot.test.mock.mockito.MockitoContextCustomizer@0, org.springframework.boot.test.autoconfigure.properties.PropertyMappingContextCustomizer@0], contextLoader = 'org.springframework.boot.test.SpringApplicationContextLoader', parent = [null]]]; transaction manager [org.springframework.orm.jpa.JpaTransactionManager@437826d7]; rollback [true]
2017-02-24 16:41:15.348  INFO 11972 --- [    Test worker] o.h.h.i.QueryTranslatorFactoryInitiator  : HHH000397: Using ASTQueryTranslatorFactory
2017-02-24 16:41:15.374  INFO 11972 --- [    Test worker] o.s.t.c.transaction.TransactionContext   : Rolled back transaction for test context [DefaultTestContext@403c6d87 testClass = UserServiceTest, testInstance = ch.uzh.ifi.seal.soprafs17.service.UserServiceTest@58074f90, testMethod = createUser@UserServiceTest, testException = [null], mergedContextConfiguration = [MergedContextConfiguration@57041de9 testClass = UserServiceTest, locations = '{}', classes = '{class ch.uzh.ifi.seal.soprafs17.Application}', contextInitializerClasses = '[]', activeProfiles = '{}', propertySourceLocations = '{}', propertySourceProperties = '{}', contextCustomizers = set[org.springframework.boot.test.context.filter.ExcludeFilterContextCustomizer@73ff906, org.springframework.boot.test.mock.mockito.MockitoContextCustomizer@0, org.springframework.boot.test.autoconfigure.properties.PropertyMappingContextCustomizer@0], contextLoader = 'org.springframework.boot.test.SpringApplicationContextLoader', parent = [null]]].
2017-02-24 16:41:15.377  INFO 11972 --- [    Test worker] o.s.t.c.transaction.TransactionContext   : Began transaction (1) for test context [DefaultTestContext@403c6d87 testClass = UserServiceTest, testInstance = ch.uzh.ifi.seal.soprafs17.service.UserServiceTest@45d42d17, testMethod = deleteUser@UserServiceTest, testException = [null], mergedContextConfiguration = [MergedContextConfiguration@57041de9 testClass = UserServiceTest, locations = '{}', classes = '{class ch.uzh.ifi.seal.soprafs17.Application}', contextInitializerClasses = '[]', activeProfiles = '{}', propertySourceLocations = '{}', propertySourceProperties = '{}', contextCustomizers = set[org.springframework.boot.test.context.filter.ExcludeFilterContextCustomizer@73ff906, org.springframework.boot.test.mock.mockito.MockitoContextCustomizer@0, org.springframework.boot.test.autoconfigure.properties.PropertyMappingContextCustomizer@0], contextLoader = 'org.springframework.boot.test.SpringApplicationContextLoader', parent = [null]]]; transaction manager [org.springframework.orm.jpa.JpaTransactionManager@437826d7]; rollback [true]
2017-02-24 16:41:15.400  INFO 11972 --- [    Test worker] o.s.t.c.transaction.TransactionContext   : Rolled back transaction for test context [DefaultTestContext@403c6d87 testClass = UserServiceTest, testInstance = ch.uzh.ifi.seal.soprafs17.service.UserServiceTest@45d42d17, testMethod = deleteUser@UserServiceTest, testException = [null], mergedContextConfiguration = [MergedContextConfiguration@57041de9 testClass = UserServiceTest, locations = '{}', classes = '{class ch.uzh.ifi.seal.soprafs17.Application}', contextInitializerClasses = '[]', activeProfiles = '{}', propertySourceLocations = '{}', propertySourceProperties = '{}', contextCustomizers = set[org.springframework.boot.test.context.filter.ExcludeFilterContextCustomizer@73ff906, org.springframework.boot.test.mock.mockito.MockitoContextCustomizer@0, org.springframework.boot.test.autoconfigure.properties.PropertyMappingContextCustomizer@0], contextLoader = 'org.springframework.boot.test.SpringApplicationContextLoader', parent = [null]]].
]]></system-out>
  <system-err><![CDATA[]]></system-err>
</testsuite>
